<?xml version="1.0" encoding="UTF-8"?>
<!-- Generated by org.testng.reporters.JUnitReportReporter -->
<testsuite hostname="YogeshM-PC" failures="0" tests="2" name="qaclickacademy.SeleniunTest" time="0.010" errors="0" timestamp="2020-04-28T01:17:02 IST" skipped="0">
  <testcase classname="qaclickacademy.SeleniunTest" name="elementsUi" time="0.000"/>
  <system-out/>
  <testcase classname="qaclickacademy.SeleniunTest" name="BrowserAutomation" time="0.010"/>
  <system-out/>
</testsuite> <!-- qaclickacademy.SeleniunTest -->
