<?xml version="1.0" encoding="UTF-8"?>
<!-- Generated by org.testng.reporters.JUnitReportReporter -->
<testsuite hostname="YogeshM-PC" failures="0" tests="2" name="qaclickacademy.AppiumTest" time="0.000" errors="0" timestamp="2020-04-28T01:17:02 IST" skipped="0">
  <testcase classname="qaclickacademy.AppiumTest" name="NativeAppAndroid" time="0.000"/>
  <system-out/>
  <testcase classname="qaclickacademy.AppiumTest" name="IOSApps" time="0.000"/>
  <system-out/>
</testsuite> <!-- qaclickacademy.AppiumTest -->
